<?xml version="1.0" encoding="UTF-8"?>
<!-- Generated by org.testng.reporters.JUnitXMLReporter -->
<testsuite ignored="0" hostname="IN-PG0352G7" failures="0" tests="3" name="Test" time="53.3" errors="0" timestamp="2023-05-31T13:16:38 IST">
  <testcase classname="insuranceCalculator_Motercycle.EndTOEndTests_motercycle" name="insuranceCalculate" time="7.128"/>
  <testcase classname="insuranceCalculator_Motercycle.EndTOEndTests_motercycle" name="insuranceCalculate" time="6.608"/>
  <testcase classname="insuranceCalculator_Motercycle.EndTOEndTests_motercycle" name="insuranceCalculate" time="8.538"/>
</testsuite> <!-- Test -->
